0 verbose cli /usr/bin/node /usr/bin/npm
1 info using npm@10.5.0
2 info using node@v20.12.1
3 timing npm:load:whichnode Completed in 1ms
4 timing config:load:defaults Completed in 1ms
5 timing config:load:file:/usr/lib/node_modules/npm/npmrc Completed in 0ms
6 timing config:load:builtin Completed in 0ms
7 timing config:load:cli Completed in 2ms
8 timing config:load:env Completed in 1ms
9 timing config:load:project Completed in 0ms
10 timing config:load:file:/var/www/.npmrc Completed in 0ms
11 timing config:load:user Completed in 0ms
12 timing config:load:file:/usr/etc/npmrc Completed in 0ms
13 timing config:load:global Completed in 1ms
14 timing config:load:setEnvs Completed in 0ms
15 timing config:load Completed in 6ms
16 timing npm:load:configload Completed in 6ms
17 timing config:load:flatten Completed in 2ms
18 timing npm:load:mkdirpcache Completed in 0ms
19 timing npm:load:mkdirplogs Completed in 1ms
20 verbose title npm install
21 verbose argv "install"
22 timing npm:load:setTitle Completed in 0ms
23 timing npm:load:display Completed in 1ms
24 verbose logfile logs-max:10 dir:/var/www/.npm/_logs/2024-04-05T09_18_34_748Z-
25 verbose logfile /var/www/.npm/_logs/2024-04-05T09_18_34_748Z-debug-0.log
26 timing npm:load:logFile Completed in 7ms
27 timing npm:load:timers Completed in 0ms
28 timing npm:load:configScope Completed in 1ms
29 timing npm:load Completed in 42ms
30 timing arborist:ctor Completed in 1ms
31 silly logfile done cleaning log files
32 timing idealTree:init Completed in 32ms
33 timing idealTree:userRequests Completed in 0ms
34 silly idealTree buildDeps
35 silly fetch manifest @vitejs/plugin-vue@^5.0.4
36 timing arborist:ctor Completed in 1ms
37 http fetch GET 200 https://registry.npmjs.org/@vitejs%2fplugin-vue 495ms (cache miss)
38 silly fetch manifest vite@^5.0
39 http fetch GET 200 https://registry.npmjs.org/vite 94ms (cache hit)
40 silly fetch manifest @types/node@^18.0.0 || >=20.0.0
41 http fetch GET 200 https://registry.npmjs.org/@types%2fnode 28ms (cache hit)
42 silly fetch manifest less@*
43 http fetch GET 200 https://registry.npmjs.org/less 28ms (cache hit)
44 silly fetch manifest lightningcss@^1.21.0
45 http fetch GET 200 https://registry.npmjs.org/lightningcss 4ms (cache hit)
46 silly fetch manifest sass@*
47 http fetch GET 200 https://registry.npmjs.org/sass 18ms (cache hit)
48 silly fetch manifest stylus@*
49 http fetch GET 200 https://registry.npmjs.org/stylus 6ms (cache hit)
50 silly fetch manifest sugarss@*
51 http fetch GET 200 https://registry.npmjs.org/sugarss 3ms (cache hit)
52 silly fetch manifest postcss@^8.3.3
53 http fetch GET 200 https://registry.npmjs.org/postcss 4ms (cache hit)
54 silly fetch manifest terser@^5.4.0
55 http fetch GET 200 https://registry.npmjs.org/terser 5ms (cache hit)
56 silly fetch manifest vue@^3.2.25
57 http fetch GET 200 https://registry.npmjs.org/vue 236ms (cache miss)
58 silly fetch manifest typescript@*
59 http fetch GET 200 https://registry.npmjs.org/typescript 1294ms (cache miss)
60 silly placeDep ROOT @vitejs/plugin-vue@5.0.4 OK for:  want: ^5.0.4
61 silly placeDep ROOT vue@3.4.21 OK for: @vitejs/plugin-vue@5.0.4 want: ^3.2.25
62 silly fetch manifest @vue/shared@3.4.21
63 silly fetch manifest @vue/compiler-dom@3.4.21
64 http fetch GET 200 https://registry.npmjs.org/@vue%2fshared 249ms (cache miss)
65 silly fetch manifest @vue/compiler-sfc@3.4.21
66 http fetch GET 200 https://registry.npmjs.org/@vue%2fcompiler-sfc 185ms (cache miss)
67 silly fetch manifest @vue/runtime-dom@3.4.21
68 http fetch GET 200 https://registry.npmjs.org/@vue%2fcompiler-dom 798ms (cache miss)
69 silly fetch manifest @vue/server-renderer@3.4.21
70 http fetch GET 200 https://registry.npmjs.org/@vue%2fruntime-dom 370ms (cache miss)
71 http fetch GET 200 https://registry.npmjs.org/@vue%2fserver-renderer 332ms (cache miss)
72 timing idealTree:#root Completed in 3997ms
73 timing idealTree:node_modules/@vitejs/plugin-vue Completed in 0ms
74 silly fetch manifest vue@3.4.21
75 silly placeDep ROOT @vue/compiler-dom@3.4.21 OK for: vue@3.4.21 want: 3.4.21
76 silly placeDep ROOT @vue/compiler-sfc@3.4.21 OK for: vue@3.4.21 want: 3.4.21
77 silly placeDep ROOT @vue/runtime-dom@3.4.21 OK for: vue@3.4.21 want: 3.4.21
78 silly placeDep ROOT @vue/server-renderer@3.4.21 OK for: vue@3.4.21 want: 3.4.21
79 silly placeDep ROOT @vue/shared@3.4.21 OK for: vue@3.4.21 want: 3.4.21
80 silly fetch manifest @vue/compiler-core@3.4.21
81 silly fetch manifest @babel/parser@^7.23.9
82 http fetch GET 200 https://registry.npmjs.org/@babel%2fparser 582ms (cache miss)
83 silly fetch manifest estree-walker@^2.0.2
84 http fetch GET 200 https://registry.npmjs.org/estree-walker 200ms (cache miss)
85 silly fetch manifest magic-string@^0.30.7
86 http fetch GET 200 https://registry.npmjs.org/@vue%2fcompiler-core 814ms (cache miss)
87 silly fetch manifest @vue/compiler-ssr@3.4.21
88 http fetch GET 200 https://registry.npmjs.org/magic-string 116ms (cache miss)
89 silly fetch manifest csstype@^3.1.3
90 http fetch GET 200 https://registry.npmjs.org/@vue%2fcompiler-ssr 244ms (cache miss)
91 silly fetch manifest @vue/runtime-core@3.4.21
92 http fetch GET 200 https://registry.npmjs.org/csstype 163ms (cache miss)
93 http fetch GET 200 https://registry.npmjs.org/@vue%2fruntime-core 1542ms (cache miss)
94 timing idealTree:node_modules/vue Completed in 2621ms
95 silly placeDep ROOT @vue/compiler-core@3.4.21 OK for: @vue/compiler-dom@3.4.21 want: 3.4.21
96 silly fetch manifest entities@^4.5.0
97 http fetch GET 200 https://registry.npmjs.org/entities 105ms (cache miss)
98 timing idealTree:node_modules/@vue/compiler-dom Completed in 110ms
99 silly placeDep ROOT @babel/parser@7.24.4 OK for: @vue/compiler-core@3.4.21 want: ^7.23.9
100 silly placeDep ROOT entities@4.5.0 OK for: @vue/compiler-core@3.4.21 want: ^4.5.0
101 silly placeDep ROOT estree-walker@2.0.2 OK for: @vue/compiler-core@3.4.21 want: ^2.0.2
102 timing idealTree:node_modules/@vue/compiler-core Completed in 3ms
103 timing idealTree:node_modules/@babel/parser Completed in 0ms
104 silly placeDep ROOT @vue/compiler-ssr@3.4.21 OK for: @vue/compiler-sfc@3.4.21 want: 3.4.21
105 silly placeDep ROOT magic-string@0.30.9 OK for: @vue/compiler-sfc@3.4.21 want: ^0.30.7
106 silly fetch manifest @jridgewell/sourcemap-codec@^1.4.15
107 http fetch GET 200 https://registry.npmjs.org/@jridgewell%2fsourcemap-codec 156ms (cache miss)
108 timing idealTree:node_modules/@vue/compiler-sfc Completed in 159ms
109 timing idealTree:node_modules/@vue/compiler-ssr Completed in 0ms
110 silly placeDep ROOT @vue/runtime-core@3.4.21 OK for: @vue/runtime-dom@3.4.21 want: 3.4.21
111 silly placeDep ROOT csstype@3.1.3 OK for: @vue/runtime-dom@3.4.21 want: ^3.1.3
112 silly fetch manifest @vue/reactivity@3.4.21
113 http fetch GET 200 https://registry.npmjs.org/@vue%2freactivity 367ms (cache miss)
114 timing idealTree:node_modules/@vue/runtime-dom Completed in 374ms
115 silly placeDep ROOT @vue/reactivity@3.4.21 OK for: @vue/runtime-core@3.4.21 want: 3.4.21
116 timing idealTree:node_modules/@vue/runtime-core Completed in 1ms
117 timing idealTree:node_modules/@vue/reactivity Completed in 0ms
118 timing idealTree:node_modules/@vue/server-renderer Completed in 0ms
119 timing idealTree:node_modules/@vue/shared Completed in 0ms
120 timing idealTree:node_modules/csstype Completed in 0ms
121 timing idealTree:node_modules/entities Completed in 0ms
122 timing idealTree:node_modules/estree-walker Completed in 0ms
123 silly placeDep ROOT @jridgewell/sourcemap-codec@1.4.15 OK for: magic-string@0.30.9 want: ^1.4.15
124 timing idealTree:node_modules/magic-string Completed in 2ms
125 timing idealTree:node_modules/@jridgewell/sourcemap-codec Completed in 0ms
126 timing idealTree:buildDeps Completed in 7269ms
127 timing idealTree:fixDepFlags Completed in 1ms
128 timing idealTree Completed in 7305ms
129 timing reify:loadTrees Completed in 7306ms
130 timing reify:diffTrees Completed in 3ms
131 silly reify moves {}
132 timing reify:retireShallow Completed in 2ms
133 timing reify:createSparse Completed in 5ms
134 timing reify:loadBundles Completed in 0ms
135 silly audit bulk request {
135 silly audit   '@esbuild/aix-ppc64': [ '0.20.2' ],
135 silly audit   '@esbuild/android-arm': [ '0.20.2' ],
135 silly audit   '@esbuild/android-arm64': [ '0.20.2' ],
135 silly audit   '@esbuild/android-x64': [ '0.20.2' ],
135 silly audit   '@esbuild/darwin-arm64': [ '0.20.2' ],
135 silly audit   '@esbuild/darwin-x64': [ '0.20.2' ],
135 silly audit   '@esbuild/freebsd-arm64': [ '0.20.2' ],
135 silly audit   '@esbuild/freebsd-x64': [ '0.20.2' ],
135 silly audit   '@esbuild/linux-arm': [ '0.20.2' ],
135 silly audit   '@esbuild/linux-arm64': [ '0.20.2' ],
135 silly audit   '@esbuild/linux-ia32': [ '0.20.2' ],
135 silly audit   '@esbuild/linux-loong64': [ '0.20.2' ],
135 silly audit   '@esbuild/linux-mips64el': [ '0.20.2' ],
135 silly audit   '@esbuild/linux-ppc64': [ '0.20.2' ],
135 silly audit   '@esbuild/linux-riscv64': [ '0.20.2' ],
135 silly audit   '@esbuild/linux-s390x': [ '0.20.2' ],
135 silly audit   '@esbuild/linux-x64': [ '0.20.2' ],
135 silly audit   '@esbuild/netbsd-x64': [ '0.20.2' ],
135 silly audit   '@esbuild/openbsd-x64': [ '0.20.2' ],
135 silly audit   '@esbuild/sunos-x64': [ '0.20.2' ],
135 silly audit   '@esbuild/win32-arm64': [ '0.20.2' ],
135 silly audit   '@esbuild/win32-ia32': [ '0.20.2' ],
135 silly audit   '@esbuild/win32-x64': [ '0.20.2' ],
135 silly audit   '@rollup/rollup-android-arm-eabi': [ '4.14.0' ],
135 silly audit   '@rollup/rollup-android-arm64': [ '4.14.0' ],
135 silly audit   '@rollup/rollup-darwin-arm64': [ '4.14.0' ],
135 silly audit   '@rollup/rollup-darwin-x64': [ '4.14.0' ],
135 silly audit   '@rollup/rollup-linux-arm-gnueabihf': [ '4.14.0' ],
135 silly audit   '@rollup/rollup-linux-arm64-gnu': [ '4.14.0' ],
135 silly audit   '@rollup/rollup-linux-arm64-musl': [ '4.14.0' ],
135 silly audit   '@rollup/rollup-linux-powerpc64le-gnu': [ '4.14.0' ],
135 silly audit   '@rollup/rollup-linux-riscv64-gnu': [ '4.14.0' ],
135 silly audit   '@rollup/rollup-linux-s390x-gnu': [ '4.14.0' ],
135 silly audit   '@rollup/rollup-linux-x64-gnu': [ '4.14.0' ],
135 silly audit   '@rollup/rollup-linux-x64-musl': [ '4.14.0' ],
135 silly audit   '@rollup/rollup-win32-arm64-msvc': [ '4.14.0' ],
135 silly audit   '@rollup/rollup-win32-ia32-msvc': [ '4.14.0' ],
135 silly audit   '@rollup/rollup-win32-x64-msvc': [ '4.14.0' ],
135 silly audit   '@types/estree': [ '1.0.5' ],
135 silly audit   asynckit: [ '0.4.0' ],
135 silly audit   axios: [ '1.6.8' ],
135 silly audit   'combined-stream': [ '1.0.8' ],
135 silly audit   'delayed-stream': [ '1.0.0' ],
135 silly audit   esbuild: [ '0.20.2' ],
135 silly audit   'follow-redirects': [ '1.15.6' ],
135 silly audit   'form-data': [ '4.0.0' ],
135 silly audit   fsevents: [ '2.3.3' ],
135 silly audit   'laravel-vite-plugin': [ '1.0.2' ],
135 silly audit   'mime-db': [ '1.52.0' ],
135 silly audit   'mime-types': [ '2.1.35' ],
135 silly audit   nanoid: [ '3.3.7' ],
135 silly audit   picocolors: [ '1.0.0' ],
135 silly audit   picomatch: [ '2.3.1' ],
135 silly audit   postcss: [ '8.4.38' ],
135 silly audit   'proxy-from-env': [ '1.1.0' ],
135 silly audit   rollup: [ '4.14.0' ],
135 silly audit   'source-map-js': [ '1.2.0' ],
135 silly audit   vite: [ '5.2.8' ],
135 silly audit   'vite-plugin-full-reload': [ '1.1.0' ],
135 silly audit   '@vitejs/plugin-vue': [ '5.0.4' ],
135 silly audit   vue: [ '3.4.21' ],
135 silly audit   '@vue/compiler-dom': [ '3.4.21' ],
135 silly audit   '@vue/compiler-sfc': [ '3.4.21' ],
135 silly audit   '@vue/runtime-dom': [ '3.4.21' ],
135 silly audit   '@vue/server-renderer': [ '3.4.21' ],
135 silly audit   '@vue/shared': [ '3.4.21' ],
135 silly audit   '@vue/compiler-core': [ '3.4.21' ],
135 silly audit   '@babel/parser': [ '7.24.4' ],
135 silly audit   entities: [ '4.5.0' ],
135 silly audit   'estree-walker': [ '2.0.2' ],
135 silly audit   '@vue/compiler-ssr': [ '3.4.21' ],
135 silly audit   'magic-string': [ '0.30.9' ],
135 silly audit   '@vue/runtime-core': [ '3.4.21' ],
135 silly audit   csstype: [ '3.1.3' ],
135 silly audit   '@vue/reactivity': [ '3.4.21' ],
135 silly audit   '@jridgewell/sourcemap-codec': [ '1.4.15' ]
135 silly audit }
136 verbose reify failed optional dependency /var/www/node_modules/fsevents
137 silly reify mark deleted [ '/var/www/node_modules/fsevents' ]
138 verbose reify failed optional dependency /var/www/node_modules/@rollup/rollup-win32-x64-msvc
139 silly reify mark deleted [ '/var/www/node_modules/@rollup/rollup-win32-x64-msvc' ]
140 verbose reify failed optional dependency /var/www/node_modules/@rollup/rollup-win32-ia32-msvc
141 silly reify mark deleted [ '/var/www/node_modules/@rollup/rollup-win32-ia32-msvc' ]
142 verbose reify failed optional dependency /var/www/node_modules/@rollup/rollup-win32-arm64-msvc
143 silly reify mark deleted [ '/var/www/node_modules/@rollup/rollup-win32-arm64-msvc' ]
144 verbose reify failed optional dependency /var/www/node_modules/@rollup/rollup-linux-s390x-gnu
145 silly reify mark deleted [ '/var/www/node_modules/@rollup/rollup-linux-s390x-gnu' ]
146 verbose reify failed optional dependency /var/www/node_modules/@rollup/rollup-linux-riscv64-gnu
147 silly reify mark deleted [ '/var/www/node_modules/@rollup/rollup-linux-riscv64-gnu' ]
148 verbose reify failed optional dependency /var/www/node_modules/@rollup/rollup-linux-powerpc64le-gnu
149 silly reify mark deleted [ '/var/www/node_modules/@rollup/rollup-linux-powerpc64le-gnu' ]
150 verbose reify failed optional dependency /var/www/node_modules/@rollup/rollup-linux-arm64-musl
151 silly reify mark deleted [ '/var/www/node_modules/@rollup/rollup-linux-arm64-musl' ]
152 verbose reify failed optional dependency /var/www/node_modules/@rollup/rollup-linux-arm64-gnu
153 silly reify mark deleted [ '/var/www/node_modules/@rollup/rollup-linux-arm64-gnu' ]
154 verbose reify failed optional dependency /var/www/node_modules/@rollup/rollup-linux-arm-gnueabihf
155 silly reify mark deleted [ '/var/www/node_modules/@rollup/rollup-linux-arm-gnueabihf' ]
156 verbose reify failed optional dependency /var/www/node_modules/@rollup/rollup-darwin-x64
157 silly reify mark deleted [ '/var/www/node_modules/@rollup/rollup-darwin-x64' ]
158 verbose reify failed optional dependency /var/www/node_modules/@rollup/rollup-darwin-arm64
159 silly reify mark deleted [ '/var/www/node_modules/@rollup/rollup-darwin-arm64' ]
160 verbose reify failed optional dependency /var/www/node_modules/@rollup/rollup-android-arm64
161 silly reify mark deleted [ '/var/www/node_modules/@rollup/rollup-android-arm64' ]
162 verbose reify failed optional dependency /var/www/node_modules/@rollup/rollup-android-arm-eabi
163 silly reify mark deleted [ '/var/www/node_modules/@rollup/rollup-android-arm-eabi' ]
164 verbose reify failed optional dependency /var/www/node_modules/@esbuild/win32-x64
165 silly reify mark deleted [ '/var/www/node_modules/@esbuild/win32-x64' ]
166 verbose reify failed optional dependency /var/www/node_modules/@esbuild/win32-ia32
167 silly reify mark deleted [ '/var/www/node_modules/@esbuild/win32-ia32' ]
168 verbose reify failed optional dependency /var/www/node_modules/@esbuild/win32-arm64
169 silly reify mark deleted [ '/var/www/node_modules/@esbuild/win32-arm64' ]
170 verbose reify failed optional dependency /var/www/node_modules/@esbuild/sunos-x64
171 silly reify mark deleted [ '/var/www/node_modules/@esbuild/sunos-x64' ]
172 verbose reify failed optional dependency /var/www/node_modules/@esbuild/openbsd-x64
173 silly reify mark deleted [ '/var/www/node_modules/@esbuild/openbsd-x64' ]
174 verbose reify failed optional dependency /var/www/node_modules/@esbuild/netbsd-x64
175 silly reify mark deleted [ '/var/www/node_modules/@esbuild/netbsd-x64' ]
176 verbose reify failed optional dependency /var/www/node_modules/@esbuild/linux-s390x
177 silly reify mark deleted [ '/var/www/node_modules/@esbuild/linux-s390x' ]
178 verbose reify failed optional dependency /var/www/node_modules/@esbuild/linux-riscv64
179 silly reify mark deleted [ '/var/www/node_modules/@esbuild/linux-riscv64' ]
180 verbose reify failed optional dependency /var/www/node_modules/@esbuild/linux-ppc64
181 silly reify mark deleted [ '/var/www/node_modules/@esbuild/linux-ppc64' ]
182 verbose reify failed optional dependency /var/www/node_modules/@esbuild/linux-mips64el
183 silly reify mark deleted [ '/var/www/node_modules/@esbuild/linux-mips64el' ]
184 verbose reify failed optional dependency /var/www/node_modules/@esbuild/linux-loong64
185 silly reify mark deleted [ '/var/www/node_modules/@esbuild/linux-loong64' ]
186 verbose reify failed optional dependency /var/www/node_modules/@esbuild/linux-ia32
187 silly reify mark deleted [ '/var/www/node_modules/@esbuild/linux-ia32' ]
188 verbose reify failed optional dependency /var/www/node_modules/@esbuild/linux-arm64
189 silly reify mark deleted [ '/var/www/node_modules/@esbuild/linux-arm64' ]
190 verbose reify failed optional dependency /var/www/node_modules/@esbuild/linux-arm
191 silly reify mark deleted [ '/var/www/node_modules/@esbuild/linux-arm' ]
192 verbose reify failed optional dependency /var/www/node_modules/@esbuild/freebsd-x64
193 silly reify mark deleted [ '/var/www/node_modules/@esbuild/freebsd-x64' ]
194 verbose reify failed optional dependency /var/www/node_modules/@esbuild/freebsd-arm64
195 silly reify mark deleted [ '/var/www/node_modules/@esbuild/freebsd-arm64' ]
196 verbose reify failed optional dependency /var/www/node_modules/@esbuild/darwin-x64
197 silly reify mark deleted [ '/var/www/node_modules/@esbuild/darwin-x64' ]
198 verbose reify failed optional dependency /var/www/node_modules/@esbuild/darwin-arm64
199 silly reify mark deleted [ '/var/www/node_modules/@esbuild/darwin-arm64' ]
200 verbose reify failed optional dependency /var/www/node_modules/@esbuild/android-x64
201 silly reify mark deleted [ '/var/www/node_modules/@esbuild/android-x64' ]
202 verbose reify failed optional dependency /var/www/node_modules/@esbuild/android-arm64
203 silly reify mark deleted [ '/var/www/node_modules/@esbuild/android-arm64' ]
204 verbose reify failed optional dependency /var/www/node_modules/@esbuild/android-arm
205 silly reify mark deleted [ '/var/www/node_modules/@esbuild/android-arm' ]
206 verbose reify failed optional dependency /var/www/node_modules/@esbuild/aix-ppc64
207 silly reify mark deleted [ '/var/www/node_modules/@esbuild/aix-ppc64' ]
208 timing reifyNode:node_modules/fsevents Completed in 11ms
209 timing reifyNode:node_modules/@rollup/rollup-win32-x64-msvc Completed in 11ms
210 timing reifyNode:node_modules/@rollup/rollup-win32-ia32-msvc Completed in 11ms
211 timing reifyNode:node_modules/@rollup/rollup-win32-arm64-msvc Completed in 12ms
212 timing reifyNode:node_modules/@rollup/rollup-linux-s390x-gnu Completed in 12ms
213 timing reifyNode:node_modules/@rollup/rollup-linux-riscv64-gnu Completed in 12ms
214 timing reifyNode:node_modules/@rollup/rollup-linux-powerpc64le-gnu Completed in 12ms
215 timing reifyNode:node_modules/@rollup/rollup-linux-arm64-musl Completed in 12ms
216 timing reifyNode:node_modules/@rollup/rollup-linux-arm64-gnu Completed in 12ms
217 timing reifyNode:node_modules/@rollup/rollup-linux-arm-gnueabihf Completed in 12ms
218 timing reifyNode:node_modules/@rollup/rollup-darwin-x64 Completed in 12ms
219 timing reifyNode:node_modules/@rollup/rollup-darwin-arm64 Completed in 12ms
220 timing reifyNode:node_modules/@rollup/rollup-android-arm64 Completed in 12ms
221 timing reifyNode:node_modules/@rollup/rollup-android-arm-eabi Completed in 12ms
222 timing reifyNode:node_modules/@esbuild/win32-x64 Completed in 12ms
223 timing reifyNode:node_modules/@esbuild/win32-ia32 Completed in 12ms
224 timing reifyNode:node_modules/@esbuild/win32-arm64 Completed in 12ms
225 timing reifyNode:node_modules/@esbuild/sunos-x64 Completed in 12ms
226 timing reifyNode:node_modules/@esbuild/openbsd-x64 Completed in 12ms
227 timing reifyNode:node_modules/@esbuild/netbsd-x64 Completed in 12ms
228 timing reifyNode:node_modules/@esbuild/linux-s390x Completed in 12ms
229 timing reifyNode:node_modules/@esbuild/linux-riscv64 Completed in 12ms
230 timing reifyNode:node_modules/@esbuild/linux-ppc64 Completed in 11ms
231 timing reifyNode:node_modules/@esbuild/linux-mips64el Completed in 11ms
232 timing reifyNode:node_modules/@esbuild/linux-loong64 Completed in 11ms
233 timing reifyNode:node_modules/@esbuild/linux-ia32 Completed in 11ms
234 timing reifyNode:node_modules/@esbuild/linux-arm64 Completed in 11ms
235 timing reifyNode:node_modules/@esbuild/linux-arm Completed in 11ms
236 timing reifyNode:node_modules/@esbuild/freebsd-x64 Completed in 11ms
237 timing reifyNode:node_modules/@esbuild/freebsd-arm64 Completed in 12ms
238 timing reifyNode:node_modules/@esbuild/darwin-x64 Completed in 12ms
239 timing reifyNode:node_modules/@esbuild/darwin-arm64 Completed in 12ms
240 timing reifyNode:node_modules/@esbuild/android-x64 Completed in 12ms
241 timing reifyNode:node_modules/@esbuild/android-arm64 Completed in 12ms
242 timing reifyNode:node_modules/@esbuild/android-arm Completed in 12ms
243 timing reifyNode:node_modules/@esbuild/aix-ppc64 Completed in 12ms
244 silly tarball no local data for @jridgewell/sourcemap-codec@https://registry.npmjs.org/@jridgewell/sourcemap-codec/-/sourcemap-codec-1.4.15.tgz. Extracting by manifest.
245 silly tarball no local data for @vue/reactivity@https://registry.npmjs.org/@vue/reactivity/-/reactivity-3.4.21.tgz. Extracting by manifest.
246 silly tarball no local data for csstype@https://registry.npmjs.org/csstype/-/csstype-3.1.3.tgz. Extracting by manifest.
247 silly tarball no local data for @vue/runtime-core@https://registry.npmjs.org/@vue/runtime-core/-/runtime-core-3.4.21.tgz. Extracting by manifest.
248 silly tarball no local data for magic-string@https://registry.npmjs.org/magic-string/-/magic-string-0.30.9.tgz. Extracting by manifest.
249 silly tarball no local data for estree-walker@https://registry.npmjs.org/estree-walker/-/estree-walker-2.0.2.tgz. Extracting by manifest.
250 silly tarball no local data for @vue/compiler-ssr@https://registry.npmjs.org/@vue/compiler-ssr/-/compiler-ssr-3.4.21.tgz. Extracting by manifest.
251 silly tarball no local data for @babel/parser@https://registry.npmjs.org/@babel/parser/-/parser-7.24.4.tgz. Extracting by manifest.
252 silly tarball no local data for entities@https://registry.npmjs.org/entities/-/entities-4.5.0.tgz. Extracting by manifest.
253 silly tarball no local data for @vue/compiler-core@https://registry.npmjs.org/@vue/compiler-core/-/compiler-core-3.4.21.tgz. Extracting by manifest.
254 silly tarball no local data for @vue/shared@https://registry.npmjs.org/@vue/shared/-/shared-3.4.21.tgz. Extracting by manifest.
255 silly tarball no local data for @vue/server-renderer@https://registry.npmjs.org/@vue/server-renderer/-/server-renderer-3.4.21.tgz. Extracting by manifest.
256 silly tarball no local data for @vue/runtime-dom@https://registry.npmjs.org/@vue/runtime-dom/-/runtime-dom-3.4.21.tgz. Extracting by manifest.
257 silly tarball no local data for @vue/compiler-sfc@https://registry.npmjs.org/@vue/compiler-sfc/-/compiler-sfc-3.4.21.tgz. Extracting by manifest.
258 silly tarball no local data for vue@https://registry.npmjs.org/vue/-/vue-3.4.21.tgz. Extracting by manifest.
259 silly tarball no local data for @vue/compiler-dom@https://registry.npmjs.org/@vue/compiler-dom/-/compiler-dom-3.4.21.tgz. Extracting by manifest.
260 silly tarball no local data for @vitejs/plugin-vue@https://registry.npmjs.org/@vitejs/plugin-vue/-/plugin-vue-5.0.4.tgz. Extracting by manifest.
261 silly tarball no local data for @rollup/rollup-linux-x64-musl@https://registry.npmjs.org/@rollup/rollup-linux-x64-musl/-/rollup-linux-x64-musl-4.14.0.tgz. Extracting by manifest.
262 http fetch GET 200 https://registry.npmjs.org/@jridgewell/sourcemap-codec/-/sourcemap-codec-1.4.15.tgz 169ms (cache miss)
263 timing reifyNode:node_modules/@jridgewell/sourcemap-codec Completed in 203ms
264 http fetch POST 200 https://registry.npmjs.org/-/npm/v1/security/advisories/bulk 401ms
265 timing auditReport:getReport Completed in 405ms
266 silly audit report {}
267 timing auditReport:init Completed in 0ms
268 timing reify:audit Completed in 406ms
269 http fetch GET 200 https://registry.npmjs.org/estree-walker/-/estree-walker-2.0.2.tgz 403ms (cache miss)
270 timing reifyNode:node_modules/estree-walker Completed in 436ms
271 http fetch GET 200 https://registry.npmjs.org/@vue/compiler-ssr/-/compiler-ssr-3.4.21.tgz 525ms (cache miss)
272 timing reifyNode:node_modules/@vue/compiler-ssr Completed in 559ms
273 http fetch GET 200 https://registry.npmjs.org/@vue/shared/-/shared-3.4.21.tgz 630ms (cache miss)
274 timing reifyNode:node_modules/@vue/shared Completed in 665ms
275 http fetch GET 200 https://registry.npmjs.org/magic-string/-/magic-string-0.30.9.tgz 710ms (cache miss)
276 timing reifyNode:node_modules/magic-string Completed in 743ms
277 http fetch GET 200 https://registry.npmjs.org/entities/-/entities-4.5.0.tgz 737ms (cache miss)
278 timing reifyNode:node_modules/entities Completed in 771ms
279 http fetch GET 200 https://registry.npmjs.org/@vue/compiler-dom/-/compiler-dom-3.4.21.tgz 842ms (cache miss)
280 timing reifyNode:node_modules/@vue/compiler-dom Completed in 880ms
281 http fetch GET 200 https://registry.npmjs.org/@vue/server-renderer/-/server-renderer-3.4.21.tgz 845ms (cache miss)
282 timing reifyNode:node_modules/@vue/server-renderer Completed in 881ms
283 http fetch GET 200 https://registry.npmjs.org/@vue/compiler-core/-/compiler-core-3.4.21.tgz 947ms (cache miss)
284 timing reifyNode:node_modules/@vue/compiler-core Completed in 981ms
285 http fetch GET 200 https://registry.npmjs.org/@vue/runtime-core/-/runtime-core-3.4.21.tgz 952ms (cache miss)
286 timing reifyNode:node_modules/@vue/runtime-core Completed in 984ms
287 http fetch GET 200 https://registry.npmjs.org/@vitejs/plugin-vue/-/plugin-vue-5.0.4.tgz 965ms (cache miss)
288 timing reifyNode:node_modules/@vitejs/plugin-vue Completed in 1004ms
289 http fetch GET 200 https://registry.npmjs.org/csstype/-/csstype-3.1.3.tgz 1076ms (cache miss)
290 timing reifyNode:node_modules/csstype Completed in 1106ms
291 http fetch GET 200 https://registry.npmjs.org/@babel/parser/-/parser-7.24.4.tgz 1210ms (cache miss)
292 timing reifyNode:node_modules/@babel/parser Completed in 1244ms
293 http fetch GET 200 https://registry.npmjs.org/@vue/runtime-dom/-/runtime-dom-3.4.21.tgz 1224ms (cache miss)
294 timing reifyNode:node_modules/@vue/runtime-dom Completed in 1260ms
295 http fetch GET 200 https://registry.npmjs.org/@vue/reactivity/-/reactivity-3.4.21.tgz 1397ms (cache miss)
296 timing reifyNode:node_modules/@vue/reactivity Completed in 1427ms
297 http fetch GET 200 https://registry.npmjs.org/@vue/compiler-sfc/-/compiler-sfc-3.4.21.tgz 2117ms (cache miss)
298 timing reifyNode:node_modules/@vue/compiler-sfc Completed in 2154ms
299 http fetch GET 200 https://registry.npmjs.org/vue/-/vue-3.4.21.tgz 2298ms (cache miss)
300 timing reifyNode:node_modules/vue Completed in 2337ms
301 http fetch GET 200 https://registry.npmjs.org/@rollup/rollup-linux-x64-musl/-/rollup-linux-x64-musl-4.14.0.tgz 2416ms (cache miss)
302 timing reifyNode:node_modules/@rollup/rollup-linux-x64-musl Completed in 2456ms
303 timing reify:unpack Completed in 2457ms
304 timing reify:unretire Completed in 1ms
305 timing build:queue Completed in 2ms
306 timing build:link:node_modules/@babel/parser Completed in 2ms
307 timing build:link Completed in 2ms
308 timing build:deps Completed in 5ms
309 timing build Completed in 5ms
310 timing reify:build Completed in 5ms
311 timing reify:trash Completed in 7ms
312 timing reify:save Completed in 19ms
313 timing reify Completed in 9825ms
314 silly ADD node_modules/@jridgewell/sourcemap-codec
315 silly ADD node_modules/@vue/reactivity
316 silly ADD node_modules/csstype
317 silly ADD node_modules/@vue/runtime-core
318 silly ADD node_modules/magic-string
319 silly ADD node_modules/@vue/compiler-ssr
320 silly ADD node_modules/estree-walker
321 silly ADD node_modules/entities
322 silly ADD node_modules/@babel/parser
323 silly ADD node_modules/@vue/compiler-core
324 silly ADD node_modules/@vue/shared
325 silly ADD node_modules/@vue/server-renderer
326 silly ADD node_modules/@vue/runtime-dom
327 silly ADD node_modules/@vue/compiler-sfc
328 silly ADD node_modules/@vue/compiler-dom
329 silly ADD node_modules/vue
330 silly ADD node_modules/@vitejs/plugin-vue
331 silly ADD
332 silly ADD
333 silly ADD
334 silly ADD
335 silly ADD node_modules/@rollup/rollup-linux-x64-musl
336 silly ADD
337 silly ADD
338 silly ADD
339 silly ADD
340 silly ADD
341 silly ADD
342 silly ADD
343 silly ADD
344 silly ADD
345 silly ADD
346 silly ADD
347 silly ADD
348 silly ADD
349 silly ADD
350 silly ADD
351 silly ADD
352 silly ADD
353 silly ADD
354 silly ADD
355 silly ADD
356 silly ADD
357 silly ADD
358 silly ADD
359 silly ADD
360 silly ADD
361 silly ADD
362 silly ADD
363 silly ADD
364 silly ADD
365 silly ADD
366 silly ADD
367 silly ADD
368 timing command:install Completed in 9834ms
369 verbose exit 0
370 timing npm Completed in 10192ms
371 info ok
